c:\users\ace\documents\coe 4\sem 1\computer graphics\labs\windowcreation\windowcreation\x64\debug\vc143.pdb
c:\users\ace\documents\coe 4\sem 1\computer graphics\labs\windowcreation\windowcreation\x64\debug\vc143.idb
c:\users\ace\documents\coe 4\sem 1\computer graphics\labs\windowcreation\windowcreation\x64\debug\glad.obj
c:\users\ace\documents\coe 4\sem 1\computer graphics\labs\windowcreation\windowcreation\x64\debug\source1.obj
c:\users\ace\documents\coe 4\sem 1\computer graphics\labs\windowcreation\x64\debug\windowcreation.exe
c:\users\ace\documents\coe 4\sem 1\computer graphics\labs\windowcreation\x64\debug\windowcreation.pdb
c:\users\ace\documents\coe 4\sem 1\computer graphics\labs\windowcreation\windowcreation\x64\debug\windowcreation.res
c:\users\ace\documents\coe 4\sem 1\computer graphics\labs\windowcreation\windowcreation\x64\debug\windowcreation.ilk
c:\users\ace\documents\coe 4\sem 1\computer graphics\labs\windowcreation\windowcreation\x64\debug\source.obj
c:\users\ace\documents\coe 4\sem 1\computer graphics\labs\windowcreation\windowcreation\x64\debug\windowcreation.tlog\cl.command.1.tlog
c:\users\ace\documents\coe 4\sem 1\computer graphics\labs\windowcreation\windowcreation\x64\debug\windowcreation.tlog\cl.items.tlog
c:\users\ace\documents\coe 4\sem 1\computer graphics\labs\windowcreation\windowcreation\x64\debug\windowcreation.tlog\cl.read.1.tlog
c:\users\ace\documents\coe 4\sem 1\computer graphics\labs\windowcreation\windowcreation\x64\debug\windowcreation.tlog\cl.write.1.tlog
c:\users\ace\documents\coe 4\sem 1\computer graphics\labs\windowcreation\windowcreation\x64\debug\windowcreation.tlog\link.command.1.tlog
c:\users\ace\documents\coe 4\sem 1\computer graphics\labs\windowcreation\windowcreation\x64\debug\windowcreation.tlog\link.read.1.tlog
c:\users\ace\documents\coe 4\sem 1\computer graphics\labs\windowcreation\windowcreation\x64\debug\windowcreation.tlog\link.secondary.1.tlog
c:\users\ace\documents\coe 4\sem 1\computer graphics\labs\windowcreation\windowcreation\x64\debug\windowcreation.tlog\link.write.1.tlog
c:\users\ace\documents\coe 4\sem 1\computer graphics\labs\windowcreation\windowcreation\x64\debug\windowcreation.tlog\rc.command.1.tlog
c:\users\ace\documents\coe 4\sem 1\computer graphics\labs\windowcreation\windowcreation\x64\debug\windowcreation.tlog\rc.read.1.tlog
c:\users\ace\documents\coe 4\sem 1\computer graphics\labs\windowcreation\windowcreation\x64\debug\windowcreation.tlog\rc.write.1.tlog
